1507010888035	geckodriver	INFO	geckodriver 0.18.0
1507010888140	geckodriver	INFO	Listening on 127.0.0.1:59023
1507010889355	geckodriver::marionette	INFO	Starting browser /Applications/Firefox.app/Contents/MacOS/firefox-bin with args ["-marionette"]
1507010890342	addons.xpi	WARN	Error parsing extensions state: [Exception... "Component returned failure code: 0x80520012 (NS_ERROR_FILE_NOT_FOUND) [amIAddonManagerStartup.readStartupData]"  nsresult: "0x80520012 (NS_ERROR_FILE_NOT_FOUND)"  location: "JS frame :: resource://gre/modules/addons/XPIProvider.jsm :: loadExtensionState :: line 1596"  data: no] Stack trace: loadExtensionState()@resource://gre/modules/addons/XPIProvider.jsm:1596 < getInstallState()@resource://gre/modules/addons/XPIProvider.jsm:1631 < checkForChanges()@resource://gre/modules/addons/XPIProvider.jsm:3152 < startup()@resource://gre/modules/addons/XPIProvider.jsm:2246 < callProvider()@resource://gre/modules/AddonManager.jsm:271 < _startProvider()@resource://gre/modules/AddonManager.jsm:741 < startup()@resource://gre/modules/AddonManager.jsm:908 < startup()@resource://gre/modules/AddonManager.jsm:3122 < observe()@jar:file:///Applications/Firefox.app/Contents/Resources/omni.ja!/components/addonManager.js:65
1507010891201	Marionette	INFO	Enabled via --marionette
2017-10-02 23:08:14.079 plugin-container[64695:8413438] *** CFMessagePort: bootstrap_register(): failed 1100 (0x44c) 'Permission denied', port = 0x9d3b, name = 'com.apple.tsm.portname'
See /usr/include/servers/bootstrap_defs.h for the error codes.
2017-10-02 23:08:14.089 plugin-container[64695:8413438] *** CFMessagePort: bootstrap_register(): failed 1100 (0x44c) 'Permission denied', port = 0x4e1f, name = 'com.apple.CFPasteboardClient'
See /usr/include/servers/bootstrap_defs.h for the error codes.
2017-10-02 23:08:14.089 plugin-container[64695:8413438] void __CFPasteboardSetup() : Failed to allocate communication port for com.apple.CFPasteboardClient; this is likely due to sandbox restrictions
1507010895106	Marionette	INFO	Listening on port 59028
1507010896269	Marionette	WARN	TLS certificate errors will be ignored for this session
JavaScript error: chrome://marionette/content/server.js, line 337: NS_ERROR_SOCKET_ADDRESS_IN_USE: Component returned failure code: 0x804b0036 (NS_ERROR_SOCKET_ADDRESS_IN_USE) [nsIServerSocket.initSpecialConnection]
1507010896332	Marionette	DEBUG	loaded listener.js
1507010932195	geckodriver	INFO	geckodriver 0.18.0
1507010932268	geckodriver	INFO	Listening on 127.0.0.1:59107
1507010933335	geckodriver::marionette	INFO	Starting browser /Applications/Firefox.app/Contents/MacOS/firefox-bin with args ["-marionette"]
1507010933896	addons.xpi	WARN	Error parsing extensions state: [Exception... "Component returned failure code: 0x80520012 (NS_ERROR_FILE_NOT_FOUND) [amIAddonManagerStartup.readStartupData]"  nsresult: "0x80520012 (NS_ERROR_FILE_NOT_FOUND)"  location: "JS frame :: resource://gre/modules/addons/XPIProvider.jsm :: loadExtensionState :: line 1596"  data: no] Stack trace: loadExtensionState()@resource://gre/modules/addons/XPIProvider.jsm:1596 < getInstallState()@resource://gre/modules/addons/XPIProvider.jsm:1631 < checkForChanges()@resource://gre/modules/addons/XPIProvider.jsm:3152 < startup()@resource://gre/modules/addons/XPIProvider.jsm:2246 < callProvider()@resource://gre/modules/AddonManager.jsm:271 < _startProvider()@resource://gre/modules/AddonManager.jsm:741 < startup()@resource://gre/modules/AddonManager.jsm:908 < startup()@resource://gre/modules/AddonManager.jsm:3122 < observe()@jar:file:///Applications/Firefox.app/Contents/Resources/omni.ja!/components/addonManager.js:65
1507010934388	Marionette	INFO	Enabled via --marionette
2017-10-02 23:08:56.108 plugin-container[64704:8414369] *** CFMessagePort: bootstrap_register(): failed 1100 (0x44c) 'Permission denied', port = 0x9d3f, name = 'com.apple.tsm.portname'
See /usr/include/servers/bootstrap_defs.h for the error codes.
2017-10-02 23:08:56.115 plugin-container[64704:8414369] *** CFMessagePort: bootstrap_register(): failed 1100 (0x44c) 'Permission denied', port = 0x5007, name = 'com.apple.CFPasteboardClient'
See /usr/include/servers/bootstrap_defs.h for the error codes.
2017-10-02 23:08:56.116 plugin-container[64704:8414369] void __CFPasteboardSetup() : Failed to allocate communication port for com.apple.CFPasteboardClient; this is likely due to sandbox restrictions
1507010936317	Marionette	INFO	Listening on port 59112
JavaScript error: chrome://marionette/content/server.js, line 337: NS_ERROR_SOCKET_ADDRESS_IN_USE: Component returned failure code: 0x804b0036 (NS_ERROR_SOCKET_ADDRESS_IN_USE) [nsIServerSocket.initSpecialConnection]
1507010936421	Marionette	WARN	TLS certificate errors will be ignored for this session
1507010936471	Marionette	DEBUG	loaded listener.js
1507010952957	geckodriver	INFO	geckodriver 0.18.0
1507010953033	geckodriver	INFO	Listening on 127.0.0.1:59163
1507010954084	geckodriver::marionette	INFO	Starting browser /Applications/Firefox.app/Contents/MacOS/firefox-bin with args ["-marionette"]
1507010954512	addons.xpi	WARN	Error parsing extensions state: [Exception... "Component returned failure code: 0x80520012 (NS_ERROR_FILE_NOT_FOUND) [amIAddonManagerStartup.readStartupData]"  nsresult: "0x80520012 (NS_ERROR_FILE_NOT_FOUND)"  location: "JS frame :: resource://gre/modules/addons/XPIProvider.jsm :: loadExtensionState :: line 1596"  data: no] Stack trace: loadExtensionState()@resource://gre/modules/addons/XPIProvider.jsm:1596 < getInstallState()@resource://gre/modules/addons/XPIProvider.jsm:1631 < checkForChanges()@resource://gre/modules/addons/XPIProvider.jsm:3152 < startup()@resource://gre/modules/addons/XPIProvider.jsm:2246 < callProvider()@resource://gre/modules/AddonManager.jsm:271 < _startProvider()@resource://gre/modules/AddonManager.jsm:741 < startup()@resource://gre/modules/AddonManager.jsm:908 < startup()@resource://gre/modules/AddonManager.jsm:3122 < observe()@jar:file:///Applications/Firefox.app/Contents/Resources/omni.ja!/components/addonManager.js:65
1507010955098	Marionette	INFO	Enabled via --marionette
2017-10-02 23:09:16.965 plugin-container[64711:8414885] *** CFMessagePort: bootstrap_register(): failed 1100 (0x44c) 'Permission denied', port = 0xa03f, name = 'com.apple.tsm.portname'
See /usr/include/servers/bootstrap_defs.h for the error codes.
2017-10-02 23:09:16.969 plugin-container[64711:8414885] *** CFMessagePort: bootstrap_register(): failed 1100 (0x44c) 'Permission denied', port = 0xa21f, name = 'com.apple.CFPasteboardClient'
See /usr/include/servers/bootstrap_defs.h for the error codes.
2017-10-02 23:09:16.969 plugin-container[64711:8414885] void __CFPasteboardSetup() : Failed to allocate communication port for com.apple.CFPasteboardClient; this is likely due to sandbox restrictions
1507010957244	Marionette	INFO	Listening on port 59168
JavaScript error: chrome://marionette/content/server.js, line 337: NS_ERROR_SOCKET_ADDRESS_IN_USE: Component returned failure code: 0x804b0036 (NS_ERROR_SOCKET_ADDRESS_IN_USE) [nsIServerSocket.initSpecialConnection]
1507010957333	Marionette	WARN	TLS certificate errors will be ignored for this session
1507010957379	Marionette	DEBUG	loaded listener.js
1507010987934	geckodriver	INFO	geckodriver 0.18.0
1507010988195	geckodriver	INFO	Listening on 127.0.0.1:59225
1507010989079	geckodriver::marionette	INFO	Starting browser /Applications/Firefox.app/Contents/MacOS/firefox-bin with args ["-marionette"]
1507010989913	addons.xpi	WARN	Error parsing extensions state: [Exception... "Component returned failure code: 0x80520012 (NS_ERROR_FILE_NOT_FOUND) [amIAddonManagerStartup.readStartupData]"  nsresult: "0x80520012 (NS_ERROR_FILE_NOT_FOUND)"  location: "JS frame :: resource://gre/modules/addons/XPIProvider.jsm :: loadExtensionState :: line 1596"  data: no] Stack trace: loadExtensionState()@resource://gre/modules/addons/XPIProvider.jsm:1596 < getInstallState()@resource://gre/modules/addons/XPIProvider.jsm:1631 < checkForChanges()@resource://gre/modules/addons/XPIProvider.jsm:3152 < startup()@resource://gre/modules/addons/XPIProvider.jsm:2246 < callProvider()@resource://gre/modules/AddonManager.jsm:271 < _startProvider()@resource://gre/modules/AddonManager.jsm:741 < startup()@resource://gre/modules/AddonManager.jsm:908 < startup()@resource://gre/modules/AddonManager.jsm:3122 < observe()@jar:file:///Applications/Firefox.app/Contents/Resources/omni.ja!/components/addonManager.js:65
1507010990705	Marionette	INFO	Enabled via --marionette
2017-10-02 23:09:53.047 plugin-container[64720:8415542] *** CFMessagePort: bootstrap_register(): failed 1100 (0x44c) 'Permission denied', port = 0x9c3b, name = 'com.apple.tsm.portname'
See /usr/include/servers/bootstrap_defs.h for the error codes.
2017-10-02 23:09:53.048 plugin-container[64720:8415542] *** CFMessagePort: bootstrap_register(): failed 1100 (0x44c) 'Permission denied', port = 0x4f1b, name = 'com.apple.CFPasteboardClient'
See /usr/include/servers/bootstrap_defs.h for the error codes.
2017-10-02 23:09:53.048 plugin-container[64720:8415542] void __CFPasteboardSetup() : Failed to allocate communication port for com.apple.CFPasteboardClient; this is likely due to sandbox restrictions
1507010993759	Marionette	INFO	Listening on port 59233
JavaScript error: chrome://marionette/content/server.js, line 337: NS_ERROR_SOCKET_ADDRESS_IN_USE: Component returned failure code: 0x804b0036 (NS_ERROR_SOCKET_ADDRESS_IN_USE) [nsIServerSocket.initSpecialConnection]
1507010993849	Marionette	WARN	TLS certificate errors will be ignored for this session
1507010993908	Marionette	DEBUG	loaded listener.js
1507011092840	geckodriver	INFO	geckodriver 0.18.0
1507011092935	geckodriver	INFO	Listening on 127.0.0.1:59310
1507011094011	geckodriver::marionette	INFO	Starting browser /Applications/Firefox.app/Contents/MacOS/firefox-bin with args ["-marionette"]
1507011094718	addons.xpi	WARN	Error parsing extensions state: [Exception... "Component returned failure code: 0x80520012 (NS_ERROR_FILE_NOT_FOUND) [amIAddonManagerStartup.readStartupData]"  nsresult: "0x80520012 (NS_ERROR_FILE_NOT_FOUND)"  location: "JS frame :: resource://gre/modules/addons/XPIProvider.jsm :: loadExtensionState :: line 1596"  data: no] Stack trace: loadExtensionState()@resource://gre/modules/addons/XPIProvider.jsm:1596 < getInstallState()@resource://gre/modules/addons/XPIProvider.jsm:1631 < checkForChanges()@resource://gre/modules/addons/XPIProvider.jsm:3152 < startup()@resource://gre/modules/addons/XPIProvider.jsm:2246 < callProvider()@resource://gre/modules/AddonManager.jsm:271 < _startProvider()@resource://gre/modules/AddonManager.jsm:741 < startup()@resource://gre/modules/AddonManager.jsm:908 < startup()@resource://gre/modules/AddonManager.jsm:3122 < observe()@jar:file:///Applications/Firefox.app/Contents/Resources/omni.ja!/components/addonManager.js:65
1507011095275	Marionette	INFO	Enabled via --marionette
2017-10-02 23:11:37.535 plugin-container[64728:8417037] *** CFMessagePort: bootstrap_register(): failed 1100 (0x44c) 'Permission denied', port = 0x9c3b, name = 'com.apple.tsm.portname'
See /usr/include/servers/bootstrap_defs.h for the error codes.
2017-10-02 23:11:37.540 plugin-container[64728:8417037] *** CFMessagePort: bootstrap_register(): failed 1100 (0x44c) 'Permission denied', port = 0xa217, name = 'com.apple.CFPasteboardClient'
See /usr/include/servers/bootstrap_defs.h for the error codes.
2017-10-02 23:11:37.540 plugin-container[64728:8417037] void __CFPasteboardSetup() : Failed to allocate communication port for com.apple.CFPasteboardClient; this is likely due to sandbox restrictions
1507011098018	Marionette	INFO	Listening on port 59315
JavaScript error: chrome://marionette/content/server.js, line 337: NS_ERROR_SOCKET_ADDRESS_IN_USE: Component returned failure code: 0x804b0036 (NS_ERROR_SOCKET_ADDRESS_IN_USE) [nsIServerSocket.initSpecialConnection]
1507011098132	Marionette	WARN	TLS certificate errors will be ignored for this session
1507011098211	Marionette	DEBUG	loaded listener.js
1507011098364	Marionette	DEBUG	loaded listener.js
1507011098891	Marionette	DEBUG	loaded listener.js
JavaScript error: jar:file:///Applications/Firefox.app/Contents/Resources/browser/omni.ja!/components/nsBrowserGlue.js, line 999: TypeError: win is null
1507011159833	Marionette	DEBUG	loaded listener.js
JavaScript error: jar:file:///Applications/Firefox.app/Contents/Resources/browser/omni.ja!/components/nsBrowserGlue.js, line 999: TypeError: win is null
1507011279937	Marionette	DEBUG	loaded listener.js
JavaScript warning: http://ajax.googleapis.com/ajax/libs/jquery/1.10.2/jquery.min.js, line 1: Using //@ to indicate sourceMappingURL pragmas is deprecated. Use //# instead
JavaScript error: https://static-mh.content.disney.io/matterhorn/assets/application-fa2d21bbe14b.js, line 17: NS_ERROR_UNEXPECTED: 
JavaScript error: https://static-mh.content.disney.io/matterhorn/assets/application-fa2d21bbe14b.js, line 83: TypeError: e.Disney.top is undefined
1507011281620	Marionette	DEBUG	loaded listener.js
1507011283947	Marionette	DEBUG	loaded listener.js
1507011286242	Marionette	DEBUG	loaded listener.js
JavaScript error: https://www.cpanel.com/assets/js/scripts.min.js, line 1: Error: Popover requires tooltip.js
JavaScript error: https://cdn.optimizely.com/js/2362300247.js, line 376: NS_ERROR_NOT_INITIALIZED: 
JavaScript error: https://www.cpanel.com/assets/js/scripts.min.js, line 1: NS_ERROR_NOT_INITIALIZED: 
1507011290658	Marionette	DEBUG	loaded listener.js
1507011320238	geckodriver	INFO	geckodriver 0.18.0
1507011320341	geckodriver	INFO	Listening on 127.0.0.1:63222
1507011321478	geckodriver::marionette	INFO	Starting browser /Applications/Firefox.app/Contents/MacOS/firefox-bin with args ["-marionette"]
1507011321975	addons.xpi	WARN	Error parsing extensions state: [Exception... "Component returned failure code: 0x80520012 (NS_ERROR_FILE_NOT_FOUND) [amIAddonManagerStartup.readStartupData]"  nsresult: "0x80520012 (NS_ERROR_FILE_NOT_FOUND)"  location: "JS frame :: resource://gre/modules/addons/XPIProvider.jsm :: loadExtensionState :: line 1596"  data: no] Stack trace: loadExtensionState()@resource://gre/modules/addons/XPIProvider.jsm:1596 < getInstallState()@resource://gre/modules/addons/XPIProvider.jsm:1631 < checkForChanges()@resource://gre/modules/addons/XPIProvider.jsm:3152 < startup()@resource://gre/modules/addons/XPIProvider.jsm:2246 < callProvider()@resource://gre/modules/AddonManager.jsm:271 < _startProvider()@resource://gre/modules/AddonManager.jsm:741 < startup()@resource://gre/modules/AddonManager.jsm:908 < startup()@resource://gre/modules/AddonManager.jsm:3122 < observe()@jar:file:///Applications/Firefox.app/Contents/Resources/omni.ja!/components/addonManager.js:65
1507011322559	Marionette	INFO	Enabled via --marionette
1507011324891	Marionette	INFO	Listening on port 63227
JavaScript error: chrome://marionette/content/server.js, line 337: NS_ERROR_SOCKET_ADDRESS_IN_USE: Component returned failure code: 0x804b0036 (NS_ERROR_SOCKET_ADDRESS_IN_USE) [nsIServerSocket.initSpecialConnection]
2017-10-02 23:15:24.964 plugin-container[64748:8419978] *** CFMessagePort: bootstrap_register(): failed 1100 (0x44c) 'Permission denied', port = 0x9b3f, name = 'com.apple.tsm.portname'
See /usr/include/servers/bootstrap_defs.h for the error codes.
2017-10-02 23:15:24.968 plugin-container[64748:8419978] *** CFMessagePort: bootstrap_register(): failed 1100 (0x44c) 'Permission denied', port = 0x9d1f, name = 'com.apple.CFPasteboardClient'
See /usr/include/servers/bootstrap_defs.h for the error codes.
2017-10-02 23:15:24.968 plugin-container[64748:8419978] void __CFPasteboardSetup() : Failed to allocate communication port for com.apple.CFPasteboardClient; this is likely due to sandbox restrictions
1507011324979	Marionette	WARN	TLS certificate errors will be ignored for this session
1507011325031	Marionette	DEBUG	loaded listener.js
1507011325116	Marionette	DEBUG	loaded listener.js
1507011325465	Marionette	DEBUG	loaded listener.js
JavaScript error: jar:file:///Applications/Firefox.app/Contents/Resources/browser/omni.ja!/components/nsBrowserGlue.js, line 999: TypeError: win is null
1507011387582	Marionette	DEBUG	loaded listener.js
JavaScript error: jar:file:///Applications/Firefox.app/Contents/Resources/browser/omni.ja!/components/nsBrowserGlue.js, line 999: TypeError: win is null
1507011497930	geckodriver	INFO	geckodriver 0.18.0
1507011498015	geckodriver	INFO	Listening on 127.0.0.1:50643
1507011499064	geckodriver::marionette	INFO	Starting browser /Applications/Firefox.app/Contents/MacOS/firefox-bin with args ["-marionette"]
1507011499550	addons.xpi	WARN	Error parsing extensions state: [Exception... "Component returned failure code: 0x80520012 (NS_ERROR_FILE_NOT_FOUND) [amIAddonManagerStartup.readStartupData]"  nsresult: "0x80520012 (NS_ERROR_FILE_NOT_FOUND)"  location: "JS frame :: resource://gre/modules/addons/XPIProvider.jsm :: loadExtensionState :: line 1596"  data: no] Stack trace: loadExtensionState()@resource://gre/modules/addons/XPIProvider.jsm:1596 < getInstallState()@resource://gre/modules/addons/XPIProvider.jsm:1631 < checkForChanges()@resource://gre/modules/addons/XPIProvider.jsm:3152 < startup()@resource://gre/modules/addons/XPIProvider.jsm:2246 < callProvider()@resource://gre/modules/AddonManager.jsm:271 < _startProvider()@resource://gre/modules/AddonManager.jsm:741 < startup()@resource://gre/modules/AddonManager.jsm:908 < startup()@resource://gre/modules/AddonManager.jsm:3122 < observe()@jar:file:///Applications/Firefox.app/Contents/Resources/omni.ja!/components/addonManager.js:65
1507011500205	Marionette	INFO	Enabled via --marionette
2017-10-02 23:18:22.437 plugin-container[64758:8421834] *** CFMessagePort: bootstrap_register(): failed 1100 (0x44c) 'Permission denied', port = 0x9c3f, name = 'com.apple.tsm.portname'
See /usr/include/servers/bootstrap_defs.h for the error codes.
2017-10-02 23:18:22.441 plugin-container[64758:8421834] *** CFMessagePort: bootstrap_register(): failed 1100 (0x44c) 'Permission denied', port = 0x4d17, name = 'com.apple.CFPasteboardClient'
See /usr/include/servers/bootstrap_defs.h for the error codes.
2017-10-02 23:18:22.441 plugin-container[64758:8421834] void __CFPasteboardSetup() : Failed to allocate communication port for com.apple.CFPasteboardClient; this is likely due to sandbox restrictions
1507011502866	Marionette	INFO	Listening on port 50648
1507011502929	Marionette	WARN	TLS certificate errors will be ignored for this session
JavaScript error: chrome://marionette/content/server.js, line 337: NS_ERROR_SOCKET_ADDRESS_IN_USE: Component returned failure code: 0x804b0036 (NS_ERROR_SOCKET_ADDRESS_IN_USE) [nsIServerSocket.initSpecialConnection]
1507011503012	Marionette	DEBUG	loaded listener.js
1507011503522	Marionette	DEBUG	loaded listener.js
1507011503948	Marionette	DEBUG	loaded listener.js
1507011624400	Marionette	DEBUG	loaded listener.js
JavaScript warning: http://ajax.googleapis.com/ajax/libs/jquery/1.10.2/jquery.min.js, line 1: Using //@ to indicate sourceMappingURL pragmas is deprecated. Use //# instead
1507011627266	Marionette	DEBUG	loaded listener.js
1507011628670	Marionette	DEBUG	loaded listener.js
1507011630982	Marionette	DEBUG	loaded listener.js
1507011634748	Marionette	DEBUG	loaded listener.js
2017-10-02 23:22:04.727 firefox-bin[64757:8421719] -deltaZ is deprecated for NSEventTypeMagnify.  Please use -magnification.
1507011754816	Marionette	DEBUG	loaded listener.js
1507011755642	Marionette	DEBUG	loaded listener.js
1507011757926	Marionette	DEBUG	loaded listener.js
1507011877891	Marionette	DEBUG	loaded listener.js
1507011879551	Marionette	DEBUG	loaded listener.js
1507011881478	Marionette	DEBUG	loaded listener.js
1507011882851	Marionette	DEBUG	loaded listener.js
1507012002850	Marionette	DEBUG	loaded listener.js
JavaScript error: resource:///modules/FormSubmitObserver.jsm, line 223: TypeError: this._mm is null
JavaScript error: resource:///modules/FormSubmitObserver.jsm, line 223: TypeError: this._mm is null
1507012004271	Marionette	DEBUG	loaded listener.js
1507012005326	Marionette	DEBUG	loaded listener.js
JavaScript error: https://ajax.googleapis.com/ajax/libs/jquery/1.7.2/jquery.min.js, line 2: NS_ERROR_NOT_INITIALIZED: 
1507012008532	Marionette	DEBUG	loaded listener.js
1507012128812	Marionette	DEBUG	loaded listener.js
1507012132695	Marionette	DEBUG	loaded listener.js
1507012142794	Marionette	DEBUG	loaded listener.js
1507012182518	Marionette	DEBUG	loaded listener.js
1507012184404	Marionette	DEBUG	loaded listener.js
1507012186615	Marionette	DEBUG	loaded listener.js
1507012187249	Marionette	DEBUG	loaded listener.js
1507012194434	Marionette	DEBUG	loaded listener.js
1507012198438	Marionette	DEBUG	loaded listener.js
1507012200637	Marionette	DEBUG	loaded listener.js
1507012210625	Marionette	DEBUG	loaded listener.js
1507012227835	Marionette	DEBUG	loaded listener.js
2017-10-03 11:28:37.956 plugin-container[65581:8493234] *** CFMessagePort: bootstrap_register(): failed 1100 (0x44c) 'Permission denied', port = 0x9a3f, name = 'com.apple.tsm.portname'
See /usr/include/servers/bootstrap_defs.h for the error codes.
2017-10-03 11:28:37.960 plugin-container[65581:8493234] *** CFMessagePort: bootstrap_register(): failed 1100 (0x44c) 'Permission denied', port = 0x9c23, name = 'com.apple.CFPasteboardClient'
See /usr/include/servers/bootstrap_defs.h for the error codes.
2017-10-03 11:28:37.960 plugin-container[65581:8493234] void __CFPasteboardSetup() : Failed to allocate communication port for com.apple.CFPasteboardClient; this is likely due to sandbox restrictions
2017-10-03 11:28:43.427 plugin-container[65582:8493363] *** CFMessagePort: bootstrap_register(): failed 1100 (0x44c) 'Permission denied', port = 0x9d3f, name = 'com.apple.tsm.portname'
See /usr/include/servers/bootstrap_defs.h for the error codes.
2017-10-03 11:28:43.435 plugin-container[65582:8493363] *** CFMessagePort: bootstrap_register(): failed 1100 (0x44c) 'Permission denied', port = 0x5217, name = 'com.apple.CFPasteboardClient'
See /usr/include/servers/bootstrap_defs.h for the error codes.
2017-10-03 11:28:43.435 plugin-container[65582:8493363] void __CFPasteboardSetup() : Failed to allocate communication port for com.apple.CFPasteboardClient; this is likely due to sandbox restrictions
JavaScript error: , line 0: TypeError: NetworkError when attempting to fetch resource.
2017-10-04 20:30:07.093 plugin-container[8232:8948952] *** CFMessagePort: bootstrap_register(): failed 1100 (0x44c) 'Permission denied', port = 0x9c3f, name = 'com.apple.tsm.portname'
See /usr/include/servers/bootstrap_defs.h for the error codes.
2017-10-04 20:30:07.102 plugin-container[8232:8948952] *** CFMessagePort: bootstrap_register(): failed 1100 (0x44c) 'Permission denied', port = 0x9c43, name = 'com.apple.CFPasteboardClient'
See /usr/include/servers/bootstrap_defs.h for the error codes.
2017-10-04 20:30:07.102 plugin-container[8232:8948952] void __CFPasteboardSetup() : Failed to allocate communication port for com.apple.CFPasteboardClient; this is likely due to sandbox restrictions
2017-10-05 11:53:30.424 plugin-container[8777:9029873] *** CFMessagePort: bootstrap_register(): failed 1100 (0x44c) 'Permission denied', port = 0x9d3f, name = 'com.apple.tsm.portname'
See /usr/include/servers/bootstrap_defs.h for the error codes.
2017-10-05 11:53:30.428 plugin-container[8777:9029873] *** CFMessagePort: bootstrap_register(): failed 1100 (0x44c) 'Permission denied', port = 0x9f23, name = 'com.apple.CFPasteboardClient'
See /usr/include/servers/bootstrap_defs.h for the error codes.
2017-10-05 11:53:30.428 plugin-container[8777:9029873] void __CFPasteboardSetup() : Failed to allocate communication port for com.apple.CFPasteboardClient; this is likely due to sandbox restrictions
1507320947618	geckodriver	INFO	geckodriver 0.18.0
1507320947713	geckodriver	INFO	Listening on 127.0.0.1:51826
1507320948930	geckodriver::marionette	INFO	Starting browser /Applications/Firefox.app/Contents/MacOS/firefox-bin with args ["-marionette"]
1507320949630	addons.xpi	WARN	Error parsing extensions state: [Exception... "Component returned failure code: 0x80520012 (NS_ERROR_FILE_NOT_FOUND) [amIAddonManagerStartup.readStartupData]"  nsresult: "0x80520012 (NS_ERROR_FILE_NOT_FOUND)"  location: "JS frame :: resource://gre/modules/addons/XPIProvider.jsm :: loadExtensionState :: line 1596"  data: no] Stack trace: loadExtensionState()@resource://gre/modules/addons/XPIProvider.jsm:1596 < getInstallState()@resource://gre/modules/addons/XPIProvider.jsm:1631 < checkForChanges()@resource://gre/modules/addons/XPIProvider.jsm:3152 < startup()@resource://gre/modules/addons/XPIProvider.jsm:2246 < callProvider()@resource://gre/modules/AddonManager.jsm:271 < _startProvider()@resource://gre/modules/AddonManager.jsm:741 < startup()@resource://gre/modules/AddonManager.jsm:908 < startup()@resource://gre/modules/AddonManager.jsm:3122 < observe()@jar:file:///Applications/Firefox.app/Contents/Resources/omni.ja!/components/addonManager.js:65
1507320950509	Marionette	INFO	Enabled via --marionette
2017-10-06 13:15:52.901 plugin-container[11581:9372159] *** CFMessagePort: bootstrap_register(): failed 1100 (0x44c) 'Permission denied', port = 0x9a3b, name = 'com.apple.tsm.portname'
See /usr/include/servers/bootstrap_defs.h for the error codes.
2017-10-06 13:15:52.906 plugin-container[11581:9372159] *** CFMessagePort: bootstrap_register(): failed 1100 (0x44c) 'Permission denied', port = 0x4b0f, name = 'com.apple.CFPasteboardClient'
See /usr/include/servers/bootstrap_defs.h for the error codes.
2017-10-06 13:15:52.906 plugin-container[11581:9372159] void __CFPasteboardSetup() : Failed to allocate communication port for com.apple.CFPasteboardClient; this is likely due to sandbox restrictions
1507320953463	Marionette	INFO	Listening on port 51835
JavaScript error: chrome://marionette/content/server.js, line 337: NS_ERROR_SOCKET_ADDRESS_IN_USE: Component returned failure code: 0x804b0036 (NS_ERROR_SOCKET_ADDRESS_IN_USE) [nsIServerSocket.initSpecialConnection]
1507320953523	Marionette	WARN	TLS certificate errors will be ignored for this session
1507320953578	Marionette	DEBUG	loaded listener.js
1507320954239	Marionette	DEBUG	loaded listener.js
1507320954706	Marionette	DEBUG	loaded listener.js
1507321014959	Marionette	DEBUG	loaded listener.js
1507321135003	Marionette	DEBUG	loaded listener.js
1507321136585	Marionette	DEBUG	loaded listener.js
1507321138415	Marionette	DEBUG	loaded listener.js
1507321140801	Marionette	DEBUG	loaded listener.js
JavaScript error: https://www.cpanel.com/assets/js/scripts.min.js, line 1: Error: Popover requires tooltip.js
1507321145200	Marionette	DEBUG	loaded listener.js
1507321145790	Marionette	DEBUG	loaded listener.js
1507321146692	Marionette	DEBUG	loaded listener.js
1507321155951	Marionette	DEBUG	loaded listener.js
1507321250683	Marionette	DEBUG	loaded listener.js
1507321252524	Marionette	DEBUG	loaded listener.js
1507321255181	Marionette	DEBUG	loaded listener.js
JavaScript error: resource:///modules/FormSubmitObserver.jsm, line 223: TypeError: this._mm is null
JavaScript error: resource:///modules/FormSubmitObserver.jsm, line 223: TypeError: this._mm is null
1507321256352	Marionette	DEBUG	loaded listener.js
1507321376442	Marionette	DEBUG	loaded listener.js
1507321378161	Marionette	DEBUG	loaded listener.js
1507321379103	Marionette	DEBUG	loaded listener.js
JavaScript error: https://ajax.googleapis.com/ajax/libs/jquery/1.7.2/jquery.min.js, line 2: NS_ERROR_NOT_INITIALIZED: 
1507321394917	Marionette	DEBUG	loaded listener.js
1507321515710	Marionette	DEBUG	loaded listener.js
1507321520697	Marionette	DEBUG	loaded listener.js
1507321530038	Marionette	DEBUG	loaded listener.js
1507321550198	Marionette	DEBUG	loaded listener.js
1507321552042	Marionette	DEBUG	loaded listener.js
1507321556015	Marionette	DEBUG	loaded listener.js
1507321557656	Marionette	DEBUG	loaded listener.js
1507321562703	Marionette	DEBUG	loaded listener.js
1507321568051	Marionette	DEBUG	loaded listener.js
1507321571053	Marionette	DEBUG	loaded listener.js
1507321576604	Marionette	DEBUG	loaded listener.js
1507321594844	Marionette	DEBUG	loaded listener.js
